Build started 7/19/2020 12:40:31 AM.
     1>Project "E:\user\Tools\SAAT\SAAT\bin\SAAT_V1.0.2\SeatCtrlApp_Task6_Solution\SeatCtrlApp\SeatCtrlApp\SeatCtrlApp.vcxproj" on node 2 (Build target(s)).
     1>ClCompile:
         C:\Program Files (x86)\Microsoft Visual Studio 12.0\VC\bin\CL.exe /c /I..\..\src\rte /I..\..\src\vfb /I..\..\src\common /I..\..\src\bsw\static /I..\..\src\bsw\cfg /ZI /nologo /W3 /WX- /sdl /Od /Oy- /D WIN32 /D _DEBUG /D _CONSOLE /D _LIB /D _UNICODE /D UNICODE /Gm /EHsc /RTC1 /MDd /GS /fp:precise /Zc:wchar_t /Zc:forScope /Fo"Debug\\" /Fd"Debug\vc120.pdb" /Gd /TC /analyze- /errorReport:prompt ..\..\src\bsw\static\Os.c ..\..\src\rte\Rte.c
         Rte.c
         Os.c
         Generating Code...
       Link:
         C:\Program Files (x86)\Microsoft Visual Studio 12.0\VC\bin\link.exe /ERRORREPORT:PROMPT /OUT:"E:\user\Tools\SAAT\SAAT\bin\SAAT_V1.0.2\SeatCtrlApp_Task6_Solution\SeatCtrlApp\Debug\SeatCtrlApp.exe" /INCREMENTAL /NOLOGO kernel32.lib user32.lib gdi32.lib winspool.lib comdlg32.lib advapi32.lib shell32.lib ole32.lib oleaut32.lib uuid.lib odbc32.lib odbccp32.lib /MANIFEST /MANIFESTUAC:"level='asInvoker' uiAccess='false'" /manifest:embed /DEBUG /PDB:"E:\user\Tools\SAAT\SAAT\bin\SAAT_V1.0.2\SeatCtrlApp_Task6_Solution\SeatCtrlApp\Debug\SeatCtrlApp.pdb" /SUBSYSTEM:CONSOLE /TLBID:1 /DYNAMICBASE /NXCOMPAT /IMPLIB:"E:\user\Tools\SAAT\SAAT\bin\SAAT_V1.0.2\SeatCtrlApp_Task6_Solution\SeatCtrlApp\Debug\SeatCtrlApp.lib" /MACHINE:X86 Debug\main.obj
         Debug\HMI.obj
         Debug\SeatManager.obj
         Debug\HeightMotor.obj
         Debug\HeightSensor.obj
         Debug\InclineMotor.obj
         Debug\InclineSensor.obj
         Debug\IoHwAbs.obj
         Debug\SlideMotor.obj
         Debug\SlideSensor.obj
         Debug\WeightSensor.obj
         Debug\Adc.obj
         Debug\Com.obj
         Debug\Dio.obj
         Debug\Os.obj
         Debug\Spi.obj
         Debug\Rte.obj
         Debug\vfb.obj
         SeatCtrlApp.vcxproj -> E:\user\Tools\SAAT\SAAT\bin\SAAT_V1.0.2\SeatCtrlApp_Task6_Solution\SeatCtrlApp\Debug\SeatCtrlApp.exe
     1>Done Building Project "E:\user\Tools\SAAT\SAAT\bin\SAAT_V1.0.2\SeatCtrlApp_Task6_Solution\SeatCtrlApp\SeatCtrlApp\SeatCtrlApp.vcxproj" (Build target(s)).

Build succeeded.

Time Elapsed 00:00:07.16
